<?xml version="1.0" encoding="UTF-8"?>
<!-- Generated by org.testng.reporters.JUnitReportReporter -->
<testsuite hostname="vikrams-mini" name="test.Tester" tests="1" failures="0" timestamp="21 Mar 2015 16:50:20 GMT" time="0.018" errors="0">
  <testcase name="f" time="0.018" classname="test.Tester"/>
</testsuite> <!-- test.Tester -->
